Arguments: 
  /usr/local/Cellar/node/11.8.0/bin/node /usr/local/Cellar/yarn/1.13.0/libexec/bin/yarn.js install

PATH: 
  /Users/kcurtis/.rvm/gems/ruby-2.2.3/bin:/Users/kcurtis/.rvm/gems/ruby-2.2.3@global/bin:/Users/kcurtis/.rvm/rubies/ruby-2.2.3/bin:/usr/local/opt/icu4c/bin:/usr/local/opt/llvm/bin:/Users/kcurtis/anaconda/bin:/usr/local/bin:/usr/bin:/bin:/usr/sbin:/sbin:/Library/Frameworks/Mono.framework/Versions/Current/Commands:/usr/local/mysql/bin:/usr/local/opt/go/libexec/bin:/Users/kcurtis/.go/bin:/Users/kcurtis/.rvm/bin

Yarn version: 
  1.13.0

Node version: 
  11.8.0

Platform: 
  darwin x64

Trace: 
  SyntaxError: /Users/kcurtis/Desktop/small/resume/package.json: Unexpected token } in JSON at position 405
      at JSON.parse (<anonymous>)
      at /usr/local/Cellar/yarn/1.13.0/libexec/lib/cli.js:1625:59
      at Generator.next (<anonymous>)
      at step (/usr/local/Cellar/yarn/1.13.0/libexec/lib/cli.js:304:30)
      at /usr/local/Cellar/yarn/1.13.0/libexec/lib/cli.js:315:13

npm manifest: 
  {
    "name": "resume",
    "version": "0.1.0",
    "private": true,
    "dependencies": {
      "@babel/core": "^7.3.4",
      "@babel/preset-env": "^7.3.4",
      "babel-core": "^6.26.3",
      "babel-loader": "^8.0.5",
      "babel-preset-env": "^1.7.0",
      "boostrap": "^2.0.0",
      "css-loader": "^2.1.0",
      "mdbreact": "^4.11.0",
      "react": "^16.8.3",
      "react-dom": "^16.8.3",
      "react-scripts": "2.1.5",
    },
    "scripts": {
      "start": "react-scripts start",
      "build": "react-scripts build",
      "test": "react-scripts test",
      "eject": "react-scripts eject"
    },
    "eslintConfig": {
      "extends": "react-app"
    },
    "browserslist": [
      ">0.2%",
      "not dead",
      "not ie <= 11",
      "not op_mini all"
    ]
  }

yarn manifest: 
  No manifest

Lockfile: 
  No lockfile
